<?xml version="1.0" encoding="UTF-8"?>
<testng-results ignored="0" total="4" passed="3" failed="1" skipped="0">
  <reporter-output>
  </reporter-output>
  <suite started-at="2022-01-07T22:32:40 CET" name="Suite" finished-at="2022-01-07T22:33:02 CET" duration-ms="21768">
    <groups>
    </groups>
    <test started-at="2022-01-07T22:32:40 CET" name="Validate NavBar" finished-at="2022-01-07T22:32:52 CET" duration-ms="11802">
      <class name="Academy.validateNavigationBar">
        <test-method is-config="true" signature="initialize()[pri:0, instance:Academy.validateNavigationBar@1edb61b1]" started-at="2022-01-07T22:32:40 CET" name="initialize" finished-at="2022-01-07T22:32:51 CET" duration-ms="11033" status="PASS">
          <reporter-output>
          </reporter-output>
        </test-method> <!-- initialize -->
        <test-method signature="basePageNavigation()[pri:0, instance:Academy.validateNavigationBar@1edb61b1]" started-at="2022-01-07T22:32:51 CET" name="basePageNavigation" finished-at="2022-01-07T22:32:51 CET" duration-ms="249" status="PASS">
          <reporter-output>
          </reporter-output>
        </test-method> <!-- basePageNavigation -->
        <test-method is-config="true" signature="tearDown()[pri:0, instance:Academy.validateNavigationBar@1edb61b1]" started-at="2022-01-07T22:32:51 CET" name="tearDown" finished-at="2022-01-07T22:32:52 CET" duration-ms="493" status="PASS">
          <reporter-output>
          </reporter-output>
        </test-method> <!-- tearDown -->
      </class> <!-- Academy.validateNavigationBar -->
    </test> <!-- Validate NavBar -->
    <test started-at="2022-01-07T22:32:40 CET" name="Validate Title" finished-at="2022-01-07T22:32:53 CET" duration-ms="13281">
      <class name="Academy.validateTitle">
        <test-method is-config="true" signature="initialize()[pri:0, instance:Academy.validateTitle@51c929ae]" started-at="2022-01-07T22:32:40 CET" name="initialize" finished-at="2022-01-07T22:32:51 CET" duration-ms="11318" status="PASS">
          <reporter-output>
          </reporter-output>
        </test-method> <!-- initialize -->
        <test-method signature="basePageNavigation()[pri:0, instance:Academy.validateTitle@51c929ae]" started-at="2022-01-07T22:32:51 CET" name="basePageNavigation" finished-at="2022-01-07T22:32:51 CET" duration-ms="121" status="FAIL">
          <exception class="java.lang.AssertionError">
            <message>
              <![CDATA[expected [FEATURED COURSE] but found [FEATURED COURSES]]]>
            </message>
            <full-stacktrace>
              <![CDATA[java.lang.AssertionError: expected [FEATURED COURSE] but found [FEATURED COURSES]
at org.testng.Assert.fail(Assert.java:99)
at org.testng.Assert.failNotEquals(Assert.java:1037)
at org.testng.Assert.assertEqualsImpl(Assert.java:140)
at org.testng.Assert.assertEquals(Assert.java:122)
at org.testng.Assert.assertEquals(Assert.java:629)
at org.testng.Assert.assertEquals(Assert.java:639)
at Academy.validateTitle.basePageNavigation(validateTitle.java:38)
at java.base/jdk.internal.reflect.NativeMethodAccessorImpl.invoke0(Native Method)
at java.base/jdk.internal.reflect.NativeMethodAccessorImpl.invoke(NativeMethodAccessorImpl.java:62)
at java.base/jdk.internal.reflect.DelegatingMethodAccessorImpl.invoke(DelegatingMethodAccessorImpl.java:43)
at java.base/java.lang.reflect.Method.invoke(Method.java:566)
at org.testng.internal.MethodInvocationHelper.invokeMethod(MethodInvocationHelper.java:133)
at org.testng.internal.TestInvoker.invokeMethod(TestInvoker.java:598)
at org.testng.internal.TestInvoker.invokeTestMethod(TestInvoker.java:173)
at org.testng.internal.MethodRunner.runInSequence(MethodRunner.java:46)
at org.testng.internal.TestInvoker$MethodInvocationAgent.invoke(TestInvoker.java:824)
at org.testng.internal.TestInvoker.invokeTestMethods(TestInvoker.java:146)
at org.testng.internal.TestMethodWorker.invokeTestMethods(TestMethodWorker.java:146)
at org.testng.internal.TestMethodWorker.run(TestMethodWorker.java:128)
at java.base/java.util.ArrayList.forEach(ArrayList.java:1541)
at org.testng.TestRunner.privateRun(TestRunner.java:794)
at org.testng.TestRunner.run(TestRunner.java:596)
at org.testng.SuiteRunner.runTest(SuiteRunner.java:377)
at org.testng.SuiteRunner.access$000(SuiteRunner.java:28)
at org.testng.SuiteRunner$SuiteWorker.run(SuiteRunner.java:418)
at org.testng.internal.thread.ThreadUtil.lambda$execute$0(ThreadUtil.java:64)
at java.base/java.util.concurrent.FutureTask.run(FutureTask.java:264)
at java.base/java.util.concurrent.ThreadPoolExecutor.runWorker(ThreadPoolExecutor.java:1128)
at java.base/java.util.concurrent.ThreadPoolExecutor$Worker.run(ThreadPoolExecutor.java:628)
at java.base/java.lang.Thread.run(Thread.java:834)
]]>
            </full-stacktrace>
          </exception> <!-- java.lang.AssertionError -->
          <reporter-output>
          </reporter-output>
        </test-method> <!-- basePageNavigation -->
        <test-method is-config="true" signature="tearDown()[pri:0, instance:Academy.validateTitle@51c929ae]" started-at="2022-01-07T22:32:53 CET" name="tearDown" finished-at="2022-01-07T22:32:53 CET" duration-ms="204" status="PASS">
          <reporter-output>
          </reporter-output>
        </test-method> <!-- tearDown -->
      </class> <!-- Academy.validateTitle -->
    </test> <!-- Validate Title -->
    <test started-at="2022-01-07T22:32:40 CET" name="Validate User Login" finished-at="2022-01-07T22:33:02 CET" duration-ms="21768">
      <class name="Academy.HomePage">
        <test-method is-config="true" signature="initialize()[pri:0, instance:Academy.HomePage@6d1310f6]" started-at="2022-01-07T22:32:40 CET" name="initialize" finished-at="2022-01-07T22:32:51 CET" duration-ms="11159" status="PASS">
          <reporter-output>
          </reporter-output>
        </test-method> <!-- initialize -->
        <test-method signature="basePageNavigation(java.lang.String,java.lang.String)[pri:0, instance:Academy.HomePage@6d1310f6]" started-at="2022-01-07T22:32:51 CET" name="basePageNavigation" data-provider="getData" finished-at="2022-01-07T22:32:54 CET" duration-ms="3246" status="PASS">
          <params>
            <param index="0">
              <value>
                <![CDATA[albinikehasani@ymail.com]]>
              </value>
            </param>
            <param index="1">
              <value>
                <![CDATA[12345678]]>
              </value>
            </param>
          </params>
          <reporter-output>
          </reporter-output>
        </test-method> <!-- basePageNavigation -->
        <test-method is-config="true" signature="tearDown()[pri:0, instance:Academy.HomePage@6d1310f6]" started-at="2022-01-07T22:32:54 CET" name="tearDown" finished-at="2022-01-07T22:32:54 CET" duration-ms="94" status="PASS">
          <reporter-output>
          </reporter-output>
        </test-method> <!-- tearDown -->
        <test-method is-config="true" signature="initialize()[pri:0, instance:Academy.HomePage@6d1310f6]" started-at="2022-01-07T22:32:54 CET" name="initialize" finished-at="2022-01-07T22:32:59 CET" duration-ms="4650" status="PASS">
          <reporter-output>
          </reporter-output>
        </test-method> <!-- initialize -->
        <test-method signature="basePageNavigation(java.lang.String,java.lang.String)[pri:0, instance:Academy.HomePage@6d1310f6]" started-at="2022-01-07T22:32:59 CET" name="basePageNavigation" data-provider="getData" finished-at="2022-01-07T22:33:02 CET" duration-ms="2448" status="PASS">
          <params>
            <param index="0">
              <value>
                <![CDATA[abc@ymail.com]]>
              </value>
            </param>
            <param index="1">
              <value>
                <![CDATA[asdfghjkl]]>
              </value>
            </param>
          </params>
          <reporter-output>
          </reporter-output>
        </test-method> <!-- basePageNavigation -->
        <test-method is-config="true" signature="tearDown()[pri:0, instance:Academy.HomePage@6d1310f6]" started-at="2022-01-07T22:33:02 CET" name="tearDown" finished-at="2022-01-07T22:33:02 CET" duration-ms="125" status="PASS">
          <reporter-output>
          </reporter-output>
        </test-method> <!-- tearDown -->
      </class> <!-- Academy.HomePage -->
    </test> <!-- Validate User Login -->
  </suite> <!-- Suite -->
</testng-results>
