<?xml version="1.0" encoding="UTF-8"?>
<testng-results ignored="0" total="7" passed="5" failed="2" skipped="0">
  <reporter-output>
  </reporter-output>
  <suite started-at="2022-01-26T19:10:38 CET" name="Suite" finished-at="2022-01-26T19:12:20 CET" duration-ms="102066">
    <groups>
    </groups>
    <test started-at="2022-01-26T19:10:38 CET" name="RowCount" finished-at="2022-01-26T19:11:05 CET" duration-ms="27132">
      <class name="Tests.TableCount">
        <test-method is-config="true" signature="initialize()[pri:0, instance:Tests.TableCount@b09fac1]" started-at="2022-01-26T19:10:38 CET" name="initialize" finished-at="2022-01-26T19:10:57 CET" duration-ms="19316" status="PASS">
          <reporter-output>
          </reporter-output>
        </test-method> <!-- initialize -->
        <test-method signature="tableRowsCount()[pri:0, instance:Tests.TableCount@b09fac1]" started-at="2022-01-26T19:10:57 CET" name="tableRowsCount" finished-at="2022-01-26T19:10:58 CET" duration-ms="58" status="PASS">
          <reporter-output>
          </reporter-output>
        </test-method> <!-- tableRowsCount -->
        <test-method is-config="true" signature="tearDown()[pri:0, instance:Tests.TableCount@b09fac1]" started-at="2022-01-26T19:10:58 CET" name="tearDown" finished-at="2022-01-26T19:11:05 CET" duration-ms="7737" status="PASS">
          <reporter-output>
          </reporter-output>
        </test-method> <!-- tearDown -->
      </class> <!-- Tests.TableCount -->
    </test> <!-- RowCount -->
    <test started-at="2022-01-26T19:10:38 CET" name="Upload File" finished-at="2022-01-26T19:11:05 CET" duration-ms="27322">
      <class name="Tests.FileUpload">
        <test-method is-config="true" signature="initialize()[pri:0, instance:Tests.FileUpload@251ebf23]" started-at="2022-01-26T19:10:38 CET" name="initialize" finished-at="2022-01-26T19:10:53 CET" duration-ms="14913" status="PASS">
          <reporter-output>
          </reporter-output>
        </test-method> <!-- initialize -->
        <test-method signature="FileUploadTest()[pri:0, instance:Tests.FileUpload@251ebf23]" started-at="2022-01-26T19:10:53 CET" name="FileUploadTest" finished-at="2022-01-26T19:10:59 CET" duration-ms="6248" status="PASS">
          <reporter-output>
          </reporter-output>
        </test-method> <!-- FileUploadTest -->
        <test-method is-config="true" signature="tearDown()[pri:0, instance:Tests.FileUpload@251ebf23]" started-at="2022-01-26T19:10:59 CET" name="tearDown" finished-at="2022-01-26T19:11:05 CET" duration-ms="6141" status="PASS">
          <reporter-output>
          </reporter-output>
        </test-method> <!-- tearDown -->
      </class> <!-- Tests.FileUpload -->
    </test> <!-- Upload File -->
    <test started-at="2022-01-26T19:10:38 CET" name="Validate Title" finished-at="2022-01-26T19:11:06 CET" duration-ms="28169">
      <class name="Tests.validateTitle">
        <test-method is-config="true" signature="initialize()[pri:0, instance:Tests.validateTitle@64d7b720]" started-at="2022-01-26T19:10:38 CET" name="initialize" finished-at="2022-01-26T19:10:56 CET" duration-ms="18307" status="PASS">
          <reporter-output>
          </reporter-output>
        </test-method> <!-- initialize -->
        <test-method signature="basePageNavigation()[pri:0, instance:Tests.validateTitle@64d7b720]" started-at="2022-01-26T19:10:56 CET" name="basePageNavigation" finished-at="2022-01-26T19:11:03 CET" duration-ms="6981" status="FAIL">
          <exception class="java.lang.AssertionError">
            <message>
              <![CDATA[expected [FEATURED COURSE] but found [FEATURED COURSES]]]>
            </message>
            <full-stacktrace>
              <![CDATA[java.lang.AssertionError: expected [FEATURED COURSE] but found [FEATURED COURSES]
at org.testng.Assert.fail(Assert.java:99)
at org.testng.Assert.failNotEquals(Assert.java:1037)
at org.testng.Assert.assertEqualsImpl(Assert.java:140)
at org.testng.Assert.assertEquals(Assert.java:122)
at org.testng.Assert.assertEquals(Assert.java:629)
at org.testng.Assert.assertEquals(Assert.java:639)
at Tests.validateTitle.basePageNavigation(validateTitle.java:41)
at java.base/jdk.internal.reflect.NativeMethodAccessorImpl.invoke0(Native Method)
at java.base/jdk.internal.reflect.NativeMethodAccessorImpl.invoke(NativeMethodAccessorImpl.java:78)
at java.base/jdk.internal.reflect.DelegatingMethodAccessorImpl.invoke(DelegatingMethodAccessorImpl.java:43)
at java.base/java.lang.reflect.Method.invoke(Method.java:567)
at org.testng.internal.MethodInvocationHelper.invokeMethod(MethodInvocationHelper.java:133)
at org.testng.internal.TestInvoker.invokeMethod(TestInvoker.java:598)
at org.testng.internal.TestInvoker.invokeTestMethod(TestInvoker.java:173)
at org.testng.internal.MethodRunner.runInSequence(MethodRunner.java:46)
at org.testng.internal.TestInvoker$MethodInvocationAgent.invoke(TestInvoker.java:824)
at org.testng.internal.TestInvoker.invokeTestMethods(TestInvoker.java:146)
at org.testng.internal.TestMethodWorker.invokeTestMethods(TestMethodWorker.java:146)
at org.testng.internal.TestMethodWorker.run(TestMethodWorker.java:128)
at java.base/java.util.ArrayList.forEach(ArrayList.java:1511)
at org.testng.TestRunner.privateRun(TestRunner.java:794)
at org.testng.TestRunner.run(TestRunner.java:596)
at org.testng.SuiteRunner.runTest(SuiteRunner.java:377)
at org.testng.SuiteRunner.access$000(SuiteRunner.java:28)
at org.testng.SuiteRunner$SuiteWorker.run(SuiteRunner.java:418)
at org.testng.internal.thread.ThreadUtil.lambda$execute$0(ThreadUtil.java:64)
at java.base/java.util.concurrent.FutureTask.run(FutureTask.java:264)
at java.base/java.util.concurrent.ThreadPoolExecutor.runWorker(ThreadPoolExecutor.java:1130)
at java.base/java.util.concurrent.ThreadPoolExecutor$Worker.run(ThreadPoolExecutor.java:630)
at java.base/java.lang.Thread.run(Thread.java:831)
]]>
            </full-stacktrace>
          </exception> <!-- java.lang.AssertionError -->
          <reporter-output>
          </reporter-output>
        </test-method> <!-- basePageNavigation -->
        <test-method is-config="true" signature="tearDown()[pri:0, instance:Tests.validateTitle@64d7b720]" started-at="2022-01-26T19:11:05 CET" name="tearDown" finished-at="2022-01-26T19:11:06 CET" duration-ms="1604" status="PASS">
          <reporter-output>
          </reporter-output>
        </test-method> <!-- tearDown -->
      </class> <!-- Tests.validateTitle -->
    </test> <!-- Validate Title -->
    <test started-at="2022-01-26T19:10:38 CET" name="Validate NavBar" finished-at="2022-01-26T19:11:09 CET" duration-ms="30443">
      <class name="Tests.validateNavigationBar">
        <test-method is-config="true" signature="initialize()[pri:0, instance:Tests.validateNavigationBar@35e52059]" started-at="2022-01-26T19:10:38 CET" name="initialize" finished-at="2022-01-26T19:10:57 CET" duration-ms="18566" status="PASS">
          <reporter-output>
          </reporter-output>
        </test-method> <!-- initialize -->
        <test-method signature="basePageNavigation()[pri:0, instance:Tests.validateNavigationBar@35e52059]" started-at="2022-01-26T19:10:57 CET" name="basePageNavigation" finished-at="2022-01-26T19:11:04 CET" duration-ms="7158" status="PASS">
          <reporter-output>
          </reporter-output>
        </test-method> <!-- basePageNavigation -->
        <test-method is-config="true" signature="tearDown()[pri:0, instance:Tests.validateNavigationBar@35e52059]" started-at="2022-01-26T19:11:04 CET" name="tearDown" finished-at="2022-01-26T19:11:09 CET" duration-ms="4704" status="PASS">
          <reporter-output>
          </reporter-output>
        </test-method> <!-- tearDown -->
      </class> <!-- Tests.validateNavigationBar -->
    </test> <!-- Validate NavBar -->
    <test started-at="2022-01-26T19:10:38 CET" name="Validate User Login" finished-at="2022-01-26T19:12:20 CET" duration-ms="102066">
      <class name="Tests.HomePage">
        <test-method is-config="true" signature="initialize()[pri:0, instance:Tests.HomePage@1e8823d2]" started-at="2022-01-26T19:10:38 CET" name="initialize" finished-at="2022-01-26T19:10:55 CET" duration-ms="16922" status="PASS">
          <reporter-output>
          </reporter-output>
        </test-method> <!-- initialize -->
        <test-method signature="ForgotPsw()[pri:0, instance:Tests.HomePage@1e8823d2]" started-at="2022-01-26T19:10:55 CET" name="ForgotPsw" finished-at="2022-01-26T19:11:05 CET" duration-ms="9781" status="PASS">
          <reporter-output>
          </reporter-output>
        </test-method> <!-- ForgotPsw -->
        <test-method is-config="true" signature="tearDown()[pri:0, instance:Tests.HomePage@1e8823d2]" started-at="2022-01-26T19:11:05 CET" name="tearDown" finished-at="2022-01-26T19:11:06 CET" duration-ms="1232" status="PASS">
          <reporter-output>
          </reporter-output>
        </test-method> <!-- tearDown -->
        <test-method is-config="true" signature="initialize()[pri:0, instance:Tests.HomePage@1e8823d2]" started-at="2022-01-26T19:11:06 CET" name="initialize" finished-at="2022-01-26T19:11:55 CET" duration-ms="49185" status="PASS">
          <reporter-output>
          </reporter-output>
        </test-method> <!-- initialize -->
        <test-method signature="basePageNavigation(java.lang.String,java.lang.String)[pri:0, instance:Tests.HomePage@1e8823d2]" started-at="2022-01-26T19:11:55 CET" name="basePageNavigation" data-provider="getData" finished-at="2022-01-26T19:12:05 CET" duration-ms="10033" status="FAIL">
          <params>
            <param index="0">
              <value>
                <![CDATA[albinikehasani@ymail.com]]>
              </value>
            </param>
            <param index="1">
              <value>
                <![CDATA[12345678]]>
              </value>
            </param>
          </params>
          <exception class="org.openqa.selenium.NoSuchElementException">
            <message>
              <![CDATA[no such element: Unable to locate element: {"method":"xpath","selector":"//button[contains(text(),'NO THANKS')]"}
  (Session info: chrome=97.0.4692.99)
For documentation on this error, please visit: https://selenium.dev/exceptions/#no_such_element
Build info: version: '4.1.1', revision: 'e8fcc2cecf'
System info: host: 'ANHBEATZ', ip: '192.168.56.1', os.name: 'Windows 10', os.arch: 'amd64', os.version: '10.0', java.version: '16.0.2'
Driver info: org.openqa.selenium.chrome.ChromeDriver
Command: [6bf454d7398e3b1e16ec2c998d6fd868, findElement {using=xpath, value=//button[contains(text(),'NO THANKS')]}]
Capabilities {acceptInsecureCerts: false, browserName: chrome, browserVersion: 97.0.4692.99, chrome: {chromedriverVersion: 96.0.4664.45 (76e4c1bb2ab46..., userDataDir: C:\Users\ANH B eatz\AppData...}, goog:chromeOptions: {debuggerAddress: localhost:61078}, javascriptEnabled: true, networkConnectionEnabled: false, pageLoadStrategy: normal, platform: WINDOWS, platformName: WINDOWS, proxy: Proxy(), se:cdp: ws://localhost:61078/devtoo..., se:cdpVersion: 97.0.4692.99, setWindowRect: true, strictFileInteractability: false, timeouts: {implicit: 0, pageLoad: 300000, script: 30000}, unhandledPromptBehavior: dismiss and notify, webauthn:extension:credBlob: true, webauthn:extension:largeBlob: true, webauthn:virtualAuthenticators: true}
Session ID: 6bf454d7398e3b1e16ec2c998d6fd868]]>
            </message>
            <full-stacktrace>
              <![CDATA[org.openqa.selenium.NoSuchElementException: no such element: Unable to locate element: {"method":"xpath","selector":"//button[contains(text(),'NO THANKS')]"}
  (Session info: chrome=97.0.4692.99)
For documentation on this error, please visit: https://selenium.dev/exceptions/#no_such_element
Build info: version: '4.1.1', revision: 'e8fcc2cecf'
System info: host: 'ANHBEATZ', ip: '192.168.56.1', os.name: 'Windows 10', os.arch: 'amd64', os.version: '10.0', java.version: '16.0.2'
Driver info: org.openqa.selenium.chrome.ChromeDriver
Command: [6bf454d7398e3b1e16ec2c998d6fd868, findElement {using=xpath, value=//button[contains(text(),'NO THANKS')]}]
Capabilities {acceptInsecureCerts: false, browserName: chrome, browserVersion: 97.0.4692.99, chrome: {chromedriverVersion: 96.0.4664.45 (76e4c1bb2ab46..., userDataDir: C:\Users\ANH B eatz\AppData...}, goog:chromeOptions: {debuggerAddress: localhost:61078}, javascriptEnabled: true, networkConnectionEnabled: false, pageLoadStrategy: normal, platform: WINDOWS, platformName: WINDOWS, proxy: Proxy(), se:cdp: ws://localhost:61078/devtoo..., se:cdpVersion: 97.0.4692.99, setWindowRect: true, strictFileInteractability: false, timeouts: {implicit: 0, pageLoad: 300000, script: 30000}, unhandledPromptBehavior: dismiss and notify, webauthn:extension:credBlob: true, webauthn:extension:largeBlob: true, webauthn:virtualAuthenticators: true}
Session ID: 6bf454d7398e3b1e16ec2c998d6fd868
at java.base/jdk.internal.reflect.NativeConstructorAccessorImpl.newInstance0(Native Method)
at java.base/jdk.internal.reflect.NativeConstructorAccessorImpl.newInstance(NativeConstructorAccessorImpl.java:78)
at java.base/jdk.internal.reflect.DelegatingConstructorAccessorImpl.newInstance(DelegatingConstructorAccessorImpl.java:45)
at java.base/java.lang.reflect.Constructor.newInstanceWithCaller(Constructor.java:499)
at java.base/java.lang.reflect.Constructor.newInstance(Constructor.java:480)
at org.openqa.selenium.remote.codec.w3c.W3CHttpResponseCodec.createException(W3CHttpResponseCodec.java:200)
at org.openqa.selenium.remote.codec.w3c.W3CHttpResponseCodec.decode(W3CHttpResponseCodec.java:133)
at org.openqa.selenium.remote.codec.w3c.W3CHttpResponseCodec.decode(W3CHttpResponseCodec.java:53)
at org.openqa.selenium.remote.HttpCommandExecutor.execute(HttpCommandExecutor.java:184)
at org.openqa.selenium.remote.service.DriverCommandExecutor.invokeExecute(DriverCommandExecutor.java:167)
at org.openqa.selenium.remote.service.DriverCommandExecutor.execute(DriverCommandExecutor.java:142)
at org.openqa.selenium.remote.RemoteWebDriver.execute(RemoteWebDriver.java:543)
at org.openqa.selenium.remote.ElementLocation$ElementFinder$2.findElement(ElementLocation.java:162)
at org.openqa.selenium.remote.ElementLocation.findElement(ElementLocation.java:60)
at org.openqa.selenium.remote.RemoteWebDriver.findElement(RemoteWebDriver.java:367)
at org.openqa.selenium.remote.RemoteWebDriver.findElement(RemoteWebDriver.java:359)
at pageObjects.AdPopup.handlePopup(AdPopup.java:14)
at Tests.HomePage.basePageNavigation(HomePage.java:37)
at java.base/jdk.internal.reflect.NativeMethodAccessorImpl.invoke0(Native Method)
at java.base/jdk.internal.reflect.NativeMethodAccessorImpl.invoke(NativeMethodAccessorImpl.java:78)
at java.base/jdk.internal.reflect.DelegatingMethodAccessorImpl.invoke(DelegatingMethodAccessorImpl.java:43)
at java.base/java.lang.reflect.Method.invoke(Method.java:567)
at org.testng.internal.MethodInvocationHelper.invokeMethod(MethodInvocationHelper.java:133)
at org.testng.internal.TestInvoker.invokeMethod(TestInvoker.java:598)
at org.testng.internal.TestInvoker.invokeTestMethod(TestInvoker.java:173)
at org.testng.internal.MethodRunner.runInSequence(MethodRunner.java:46)
at org.testng.internal.TestInvoker$MethodInvocationAgent.invoke(TestInvoker.java:824)
at org.testng.internal.TestInvoker.invokeTestMethods(TestInvoker.java:146)
at org.testng.internal.TestMethodWorker.invokeTestMethods(TestMethodWorker.java:146)
at org.testng.internal.TestMethodWorker.run(TestMethodWorker.java:128)
at java.base/java.util.ArrayList.forEach(ArrayList.java:1511)
at org.testng.TestRunner.privateRun(TestRunner.java:794)
at org.testng.TestRunner.run(TestRunner.java:596)
at org.testng.SuiteRunner.runTest(SuiteRunner.java:377)
at org.testng.SuiteRunner.access$000(SuiteRunner.java:28)
at org.testng.SuiteRunner$SuiteWorker.run(SuiteRunner.java:418)
at org.testng.internal.thread.ThreadUtil.lambda$execute$0(ThreadUtil.java:64)
at java.base/java.util.concurrent.FutureTask.run(FutureTask.java:264)
at java.base/java.util.concurrent.ThreadPoolExecutor.runWorker(ThreadPoolExecutor.java:1130)
at java.base/java.util.concurrent.ThreadPoolExecutor$Worker.run(ThreadPoolExecutor.java:630)
at java.base/java.lang.Thread.run(Thread.java:831)
]]>
            </full-stacktrace>
          </exception> <!-- org.openqa.selenium.NoSuchElementException -->
          <reporter-output>
          </reporter-output>
        </test-method> <!-- basePageNavigation -->
        <test-method is-config="true" signature="tearDown()[pri:0, instance:Tests.HomePage@1e8823d2]" started-at="2022-01-26T19:12:06 CET" name="tearDown" finished-at="2022-01-26T19:12:06 CET" duration-ms="93" status="PASS">
          <reporter-output>
          </reporter-output>
        </test-method> <!-- tearDown -->
        <test-method is-config="true" signature="initialize()[pri:0, instance:Tests.HomePage@1e8823d2]" started-at="2022-01-26T19:12:06 CET" name="initialize" finished-at="2022-01-26T19:12:12 CET" duration-ms="6091" status="PASS">
          <reporter-output>
          </reporter-output>
        </test-method> <!-- initialize -->
        <test-method signature="basePageNavigation(java.lang.String,java.lang.String)[pri:0, instance:Tests.HomePage@1e8823d2]" started-at="2022-01-26T19:12:12 CET" name="basePageNavigation" data-provider="getData" finished-at="2022-01-26T19:12:20 CET" duration-ms="8111" status="PASS">
          <params>
            <param index="0">
              <value>
                <![CDATA[abc@ymail.com]]>
              </value>
            </param>
            <param index="1">
              <value>
                <![CDATA[asdfghjkl]]>
              </value>
            </param>
          </params>
          <reporter-output>
          </reporter-output>
        </test-method> <!-- basePageNavigation -->
        <test-method is-config="true" signature="tearDown()[pri:0, instance:Tests.HomePage@1e8823d2]" started-at="2022-01-26T19:12:20 CET" name="tearDown" finished-at="2022-01-26T19:12:20 CET" duration-ms="69" status="PASS">
          <reporter-output>
          </reporter-output>
        </test-method> <!-- tearDown -->
      </class> <!-- Tests.HomePage -->
    </test> <!-- Validate User Login -->
  </suite> <!-- Suite -->
</testng-results>
